2023-10-24 23:05:53.062 [main] INFO  org.example.Main - START OP: Add
2023-10-24 23:05:53.066 [main] INFO  org.example.Main - END OP: Add
2023-10-24 23:05:53.069 [main] INFO  org.example.Main - START OP: Div
2023-10-24 23:05:53.069 [main] INFO  org.example.Main - END OP: Div
2023-10-24 23:05:53.074 [main] INFO  org.example.Main - START OP: Div
2023-10-24 23:05:53.075 [main] INFO  org.example.Main - END OP: Div
2023-10-24 23:05:53.078 [main] INFO  org.example.Main - START OP: Sub
2023-10-24 23:05:53.078 [main] INFO  org.example.Main - END OP: Sub
2023-10-24 23:05:53.080 [main] INFO  org.example.Main - START OP: Sub
2023-10-24 23:05:53.080 [main] INFO  org.example.Main - END OP: Sub
2023-10-24 23:05:53.088 [main] INFO  org.example.Main - START OP: Mul
2023-10-24 23:05:53.088 [main] INFO  org.example.Main - END OP: Mul
2023-10-24 23:05:53.090 [main] INFO  org.example.Main - START OP: Mul
2023-10-24 23:05:53.090 [main] INFO  org.example.Main - END OP: Mul
2023-10-24 23:05:53.091 [main] INFO  org.example.Main - START OP: Add
2023-10-24 23:05:53.091 [main] INFO  org.example.Main - END OP: Add
2023-10-24 23:13:53.000 [main] INFO  org.example.Main - START OP: Add
2023-10-24 23:13:53.003 [main] INFO  org.example.Main - END OP: Add
2023-10-24 23:13:53.005 [main] INFO  org.example.Main - START OP: Div
2023-10-24 23:13:53.005 [main] INFO  org.example.Main - END OP: Div
2023-10-24 23:13:53.006 [main] INFO  org.example.Main - START OP: Div
2023-10-24 23:13:53.007 [main] INFO  org.example.Main - END OP: Div
2023-10-24 23:13:53.008 [main] INFO  org.example.Main - START OP: Sub
2023-10-24 23:13:53.008 [main] INFO  org.example.Main - END OP: Sub
2023-10-24 23:13:53.009 [main] INFO  org.example.Main - START OP: Sub
2023-10-24 23:13:53.009 [main] INFO  org.example.Main - END OP: Sub
2023-10-24 23:13:53.010 [main] INFO  org.example.Main - START OP: Mul
2023-10-24 23:13:53.010 [main] INFO  org.example.Main - END OP: Mul
2023-10-24 23:13:53.011 [main] INFO  org.example.Main - START OP: Mul
2023-10-24 23:13:53.011 [main] INFO  org.example.Main - END OP: Mul
2023-10-24 23:13:53.013 [main] INFO  org.example.Main - START OP: Add
2023-10-24 23:13:53.013 [main] INFO  org.example.Main - END OP: Add
2023-10-24 23:26:04.375 [main] INFO  org.example.Main - Start of Execution
